Determining if the pthread_create exist failed with the following output:
Change Dir: /home/neousys/tiev-plus-slam_2020/src/modules/PerceptionFusion/PerceptionFusion/build/CMakeFiles/CMakeTmp

Run Build Command:"/usr/bin/make" "cmTC_83c33/fast"
/usr/bin/make -f CMakeFiles/cmTC_83c33.dir/build.make CMakeFiles/cmTC_83c33.dir/build
make[1]: Entering directory '/home/neousys/tiev-plus-slam_2020/src/modules/PerceptionFusion/PerceptionFusion/build/CMakeFiles/CMakeTmp'
Building C object CMakeFiles/cmTC_83c33.dir/CheckSymbolExists.c.o
/usr/bin/cc     -o CMakeFiles/cmTC_83c33.dir/CheckSymbolExists.c.o   -c /home/neousys/tiev-plus-slam_2020/src/modules/PerceptionFusion/PerceptionFusion/build/CMakeFiles/CMakeTmp/CheckSymbolExists.c
Linking C executable cmTC_83c33
/usr/bin/cmake -E cmake_link_script CMakeFiles/cmTC_83c33.dir/link.txt --verbose=1
/usr/bin/cc       CMakeFiles/cmTC_83c33.dir/CheckSymbolExists.c.o  -o cmTC_83c33 -rdynamic 
CMakeFiles/cmTC_83c33.dir/CheckSymbolExists.c.o: In function `main':
CheckSymbolExists.c:(.text+0x16): undefined reference to `pthread_create'
collect2: error: ld returned 1 exit status
CMakeFiles/cmTC_83c33.dir/build.make:97: recipe for target 'cmTC_83c33' failed
make[1]: *** [cmTC_83c33] Error 1
make[1]: Leaving directory '/home/neousys/tiev-plus-slam_2020/src/modules/PerceptionFusion/PerceptionFusion/build/CMakeFiles/CMakeTmp'
Makefile:126: recipe for target 'cmTC_83c33/fast' failed
make: *** [cmTC_83c33/fast] Error 2

File /home/neousys/tiev-plus-slam_2020/src/modules/PerceptionFusion/PerceptionFusion/build/CMakeFiles/CMakeTmp/CheckSymbolExists.c:
/* */
#include <pthread.h>

int main(int argc, char** argv)
{
  (void)argv;
#ifndef pthread_create
  return ((int*)(&pthread_create))[argc];
#else
  (void)argc;
  return 0;
#endif
}

Determining if the function pthread_create exists in the pthreads failed with the following output:
Change Dir: /home/neousys/tiev-plus-slam_2020/src/modules/PerceptionFusion/PerceptionFusion/build/CMakeFiles/CMakeTmp

Run Build Command:"/usr/bin/make" "cmTC_d4250/fast"
/usr/bin/make -f CMakeFiles/cmTC_d4250.dir/build.make CMakeFiles/cmTC_d4250.dir/build
make[1]: Entering directory '/home/neousys/tiev-plus-slam_2020/src/modules/PerceptionFusion/PerceptionFusion/build/CMakeFiles/CMakeTmp'
Building C object CMakeFiles/cmTC_d4250.dir/CheckFunctionExists.c.o
/usr/bin/cc    -DCHECK_FUNCTION_EXISTS=pthread_create   -o CMakeFiles/cmTC_d4250.dir/CheckFunctionExists.c.o   -c /usr/share/cmake-3.5/Modules/CheckFunctionExists.c
Linking C executable cmTC_d4250
/usr/bin/cmake -E cmake_link_script CMakeFiles/cmTC_d4250.dir/link.txt --verbose=1
/usr/bin/cc   -DCHECK_FUNCTION_EXISTS=pthread_create    CMakeFiles/cmTC_d4250.dir/CheckFunctionExists.c.o  -o cmTC_d4250 -rdynamic -lpthreads 
/usr/bin/ld: cannot find -lpthreads
collect2: error: ld returned 1 exit status
CMakeFiles/cmTC_d4250.dir/build.make:97: recipe for target 'cmTC_d4250' failed
make[1]: *** [cmTC_d4250] Error 1
make[1]: Leaving directory '/home/neousys/tiev-plus-slam_2020/src/modules/PerceptionFusion/PerceptionFusion/build/CMakeFiles/CMakeTmp'
Makefile:126: recipe for target 'cmTC_d4250/fast' failed
make: *** [cmTC_d4250/fast] Error 2


